<?xml version="1.0" encoding="UTF-8"?>
<!-- Generated by org.testng.reporters.JUnitXMLReporter -->
<testsuite ignored="4" hostname="M8FB8TQ2" failures="0" tests="1" name="Default test" time="2.236" errors="0" timestamp="2024-01-08T17:16:46 EST">
  <testcase classname="api_tests.PetStoreAPIs" name="createApet_with_JSON_File" time="2.206"/>
  <testcase classname="api_tests.PetStoreAPIs" name="findPetByStatus" time="0.0">
    <ignored/>
  </testcase> <!-- findPetByStatus -->
  <testcase classname="api_tests.PetStoreAPIs" name="findPetByID" time="0.0">
    <ignored/>
  </testcase> <!-- findPetByID -->
  <testcase classname="api_tests.PetStoreAPIs" name="findPetByStatus_providingQueryParam" time="0.0">
    <ignored/>
  </testcase> <!-- findPetByStatus_providingQueryParam -->
  <testcase classname="api_tests.PetStoreAPIs" name="createApet" time="0.0">
    <ignored/>
  </testcase> <!-- createApet -->
</testsuite> <!-- Default test -->
