<?xml version="1.0" encoding="UTF-8"?>
<testng-results ignored="4" total="5" passed="1" failed="0" skipped="0">
  <reporter-output>
  </reporter-output>
  <suite started-at="2024-01-08T17:16:43 EST" name="Default suite" finished-at="2024-01-08T17:16:46 EST" duration-ms="2236">
    <groups>
    </groups>
    <test started-at="2024-01-08T17:16:43 EST" name="Default test" finished-at="2024-01-08T17:16:46 EST" duration-ms="2236">
      <class name="api_tests.PetStoreAPIs">
        <test-method signature="createApet_with_JSON_File()[pri:0, instance:api_tests.PetStoreAPIs@4fb3ee4e]" started-at="2024-01-08T17:16:43 EST" name="createApet_with_JSON_File" finished-at="2024-01-08T17:16:46 EST" duration-ms="2206" status="PASS">
          <reporter-output>
          </reporter-output>
        </test-method> <!-- createApet_with_JSON_File -->
      </class> <!-- api_tests.PetStoreAPIs -->
    </test> <!-- Default test -->
  </suite> <!-- Default suite -->
</testng-results>
